# JRE version: OpenJDK Runtime Environment Homebrew (22.0.2) (build 22.0.2)
# Java VM: OpenJDK 64-Bit Server VM Homebrew (22.0.2, mixed mode, sharing, tiered, compressed oops, compressed class ptrs, g1 gc, bsd-aarch64)
Heap:
 garbage-first heap   total reserved 1048576K, committed 263168K, used 80323K [0x00000007c0000000, 0x0000000800000000)
  region size 1024K, 1 young (1024K), 0 survivors (0K)
 Metaspace       used 10917K, committed 11136K, reserved 1114112K
  class space    used 1663K, committed 1728K, reserved 1048576K
GC Heap History (20 events):
Event: 26.024 GC heap before
{Heap before GC invocations=89 (full 71):
 garbage-first heap   total reserved 1048576K, committed 79872K, used 71443K [0x00000007c0000000, 0x0000000800000000)
  region size 1024K, 39 young (39936K), 4 survivors (4096K)
 Metaspace       used 9029K, committed 9280K, reserved 1114112K
  class space    used 1377K, committed 1472K, reserved 1048576K
}
Event: 26.034 GC heap after
{Heap after GC invocations=90 (full 71):
 garbage-first heap   total reserved 1048576K, committed 245760K, used 44405K [0x00000007c0000000, 0x0000000800000000)
  region size 1024K, 5 young (5120K), 5 survivors (5120K)
 Metaspace       used 9029K, committed 9280K, reserved 1114112K
  class space    used 1377K, committed 1472K, reserved 1048576K
}
Event: 26.081 GC heap before
{Heap before GC invocations=90 (full 71):
 garbage-first heap   total reserved 1048576K, committed 245760K, used 65909K [0x00000007c0000000, 0x0000000800000000)
  region size 1024K, 21 young (21504K), 5 survivors (5120K)
 Metaspace       used 9334K, committed 9536K, reserved 1114112K
  class space    used 1442K, committed 1536K, reserved 1048576K
}
Event: 26.099 GC heap after
{Heap after GC invocations=91 (full 72):
 garbage-first heap   total reserved 1048576K, committed 137216K, used 38742K [0x00000007c0000000, 0x0000000800000000)
  region size 1024K, 0 young (0K), 0 survivors (0K)
 Metaspace       used 9334K, committed 9536K, reserved 1114112K
  class space    used 1442K, committed 1536K, reserved 1048576K
}
Event: 26.875 GC heap before
{Heap before GC invocations=91 (full 72):
 garbage-first heap   total reserved 1048576K, committed 137216K, used 79702K [0x00000007c0000000, 0x0000000800000000)
  region size 1024K, 40 young (40960K), 0 survivors (0K)
 Metaspace       used 10581K, committed 10880K, reserved 1114112K
  class space    used 1622K, committed 1728K, reserved 1048576K
}
Event: 26.896 GC heap after
{Heap after GC invocations=92 (full 73):
 garbage-first heap   total reserved 1048576K, committed 137216K, used 46191K [0x00000007c0000000, 0x0000000800000000)
  region size 1024K, 0 young (0K), 0 survivors (0K)
 Metaspace       used 10581K, committed 10880K, reserved 1114112K
  class space    used 1622K, committed 1728K, reserved 1048576K
}
Event: 37.208 GC heap before
{Heap before GC invocations=92 (full 73):
 garbage-first heap   total reserved 1048576K, committed 137216K, used 114799K [0x00000007c0000000, 0x0000000800000000)
  region size 1024K, 67 young (68608K), 0 survivors (0K)
 Metaspace       used 10624K, committed 10880K, reserved 1114112K
  class space    used 1624K, committed 1728K, reserved 1048576K
}
Event: 37.216 GC heap after
{Heap after GC invocations=93 (full 73):
 garbage-first heap   total reserved 1048576K, committed 137216K, used 55407K [0x00000007c0000000, 0x0000000800000000)
  region size 1024K, 9 young (9216K), 9 survivors (9216K)
 Metaspace       used 10624K, committed 10880K, reserved 1114112K
  class space    used 1624K, committed 1728K, reserved 1048576K
}
Event: 37.263 GC heap before
{Heap before GC invocations=93 (full 73):
 garbage-first heap   total reserved 1048576K, committed 137216K, used 112751K [0x00000007c0000000, 0x0000000800000000)
  region size 1024K, 65 young (66560K), 9 survivors (9216K)
 Metaspace       used 10705K, committed 10880K, reserved 1114112K
  class space    used 1663K, committed 1728K, reserved 1048576K
}
Event: 37.271 GC heap after
{Heap after GC invocations=94 (full 73):
 garbage-first heap   total reserved 1048576K, committed 137216K, used 62489K [0x00000007c0000000, 0x0000000800000000)
  region size 1024K, 8 young (8192K), 8 survivors (8192K)
 Metaspace       used 10705K, committed 10880K, reserved 1114112K
  class space    used 1663K, committed 1728K, reserved 1048576K
}
Event: 37.304 GC heap before
{Heap before GC invocations=94 (full 73):
 garbage-first heap   total reserved 1048576K, committed 137216K, used 115737K [0x00000007c0000000, 0x0000000800000000)
  region size 1024K, 60 young (61440K), 8 survivors (8192K)
 Metaspace       used 10713K, committed 10880K, reserved 1114112K
  class space    used 1663K, committed 1728K, reserved 1048576K
}
Event: 37.311 GC heap after
{Heap after GC invocations=95 (full 73):
 garbage-first heap   total reserved 1048576K, committed 137216K, used 66563K [0x00000007c0000000, 0x0000000800000000)
  region size 1024K, 7 young (7168K), 7 survivors (7168K)
 Metaspace       used 10713K, committed 10880K, reserved 1114112K
  class space    used 1663K, committed 1728K, reserved 1048576K
}
Event: 37.339 GC heap before
{Heap before GC invocations=95 (full 73):
 garbage-first heap   total reserved 1048576K, committed 137216K, used 116739K [0x00000007c0000000, 0x0000000800000000)
  region size 1024K, 56 young (57344K), 7 survivors (7168K)
 Metaspace       used 10715K, committed 10944K, reserved 1114112K
  class space    used 1663K, committed 1728K, reserved 1048576K
}
Event: 37.345 GC heap after
{Heap after GC invocations=96 (full 73):
 garbage-first heap   total reserved 1048576K, committed 137216K, used 72714K [0x00000007c0000000, 0x0000000800000000)
  region size 1024K, 7 young (7168K), 7 survivors (7168K)
 Metaspace       used 10715K, committed 10944K, reserved 1114112K
  class space    used 1663K, committed 1728K, reserved 1048576K
}
Event: 37.372 GC heap before
{Heap before GC invocations=96 (full 73):
 garbage-first heap   total reserved 1048576K, committed 137216K, used 119818K [0x00000007c0000000, 0x0000000800000000)
  region size 1024K, 53 young (54272K), 7 survivors (7168K)
 Metaspace       used 10715K, committed 10944K, reserved 1114112K
  class space    used 1663K, committed 1728K, reserved 1048576K
}
Event: 37.378 GC heap after
{Heap after GC invocations=97 (full 73):
 garbage-first heap   total reserved 1048576K, committed 276480K, used 77935K [0x00000007c0000000, 0x0000000800000000)
  region size 1024K, 6 young (6144K), 6 survivors (6144K)
 Metaspace       used 10715K, committed 10944K, reserved 1114112K
  class space    used 1663K, committed 1728K, reserved 1048576K
}
Event: 81.769 GC heap before
{Heap before GC invocations=98 (full 73):
 garbage-first heap   total reserved 1048576K, committed 263168K, used 189551K [0x00000007c0000000, 0x0000000800000000)
  region size 1024K, 116 young (118784K), 6 survivors (6144K)
 Metaspace       used 10917K, committed 11136K, reserved 1114112K
  class space    used 1663K, committed 1728K, reserved 1048576K
}
Event: 81.881 GC heap after
{Heap after GC invocations=99 (full 74):
 garbage-first heap   total reserved 1048576K, committed 263168K, used 79781K [0x00000007c0000000, 0x0000000800000000)
  region size 1024K, 0 young (0K), 0 survivors (0K)
 Metaspace       used 10917K, committed 11136K, reserved 1114112K
  class space    used 1663K, committed 1728K, reserved 1048576K
}
Event: 82.074 GC heap before
{Heap before GC invocations=99 (full 74):
 garbage-first heap   total reserved 1048576K, committed 263168K, used 79781K [0x00000007c0000000, 0x0000000800000000)
  region size 1024K, 1 young (1024K), 0 survivors (0K)
 Metaspace       used 10917K, committed 11136K, reserved 1114112K
  class space    used 1663K, committed 1728K, reserved 1048576K
}
Event: 82.102 GC heap after
{Heap after GC invocations=100 (full 75):
 garbage-first heap   total reserved 1048576K, committed 263168K, used 79781K [0x00000007c0000000, 0x0000000800000000)
  region size 1024K, 0 young (0K), 0 survivors (0K)
 Metaspace       used 10917K, committed 11136K, reserved 1114112K
  class space    used 1663K, committed 1728K, reserved 1048576K
}

